<?xml version="1.0" encoding="UTF-8"?>
<testsuites name="jest tests" tests="1" failures="1" errors="0" time="0.164">
  <testsuite name="undefined" errors="0" failures="1" skipped="0" timestamp="2023-02-25T08:13:57" time="0.16" tests="1">
    <testcase classname=" should find text &apos;Boom!&apos; on #startTimeout button click" name=" should find text &apos;Boom!&apos; on #startTimeout button click" time="0">
      <failure>ReferenceError: document is not defined
    at Object.&lt;anonymous&gt; (/Users/Beata/Library/Application Support/Code/User/globalStorage/leancode.future-collars/futurecollars/fe-js-05-04/tests/test.js:5:3)
    at Promise.then.completed (/Users/Beata/Library/Application Support/Code/User/globalStorage/leancode.future-collars/futurecollars/fe-js-05-04/node_modules/jest-circus/build/utils.js:391:28)
    at new Promise (&lt;anonymous&gt;)
    at callAsyncCircusFn (/Users/Beata/Library/Application Support/Code/User/globalStorage/leancode.future-collars/futurecollars/fe-js-05-04/node_modules/jest-circus/build/utils.js:316:10)
    at _callCircusTest (/Users/Beata/Library/Application Support/Code/User/globalStorage/leancode.future-collars/futurecollars/fe-js-05-04/node_modules/jest-circus/build/run.js:218:40)
    at processTicksAndRejections (node:internal/process/task_queues:95:5)
    at _runTest (/Users/Beata/Library/Application Support/Code/User/globalStorage/leancode.future-collars/futurecollars/fe-js-05-04/node_modules/jest-circus/build/run.js:155:3)
    at _runTestsForDescribeBlock (/Users/Beata/Library/Application Support/Code/User/globalStorage/leancode.future-collars/futurecollars/fe-js-05-04/node_modules/jest-circus/build/run.js:66:9)
    at run (/Users/Beata/Library/Application Support/Code/User/globalStorage/leancode.future-collars/futurecollars/fe-js-05-04/node_modules/jest-circus/build/run.js:25:3)
    at runAndTransformResultsToJestFormat (/Users/Beata/Library/Application Support/Code/User/globalStorage/leancode.future-collars/futurecollars/fe-js-05-04/node_modules/jest-circus/build/legacy-code-todo-rewrite/jestAdapterInit.js:170:21)</failure>
    </testcase>
  </testsuite>
</testsuites>